# JRE version: OpenJDK Runtime Environment (8.0_152-b06) (build 1.8.0_152-release-1136-b06)
# Java VM: OpenJDK 64-Bit Server VM (25.152-b06 mixed mode windows-amd64 compressed oops)
Heap:
 PSYoungGen      total 286720K, used 43980K [0x00000000e0000000, 0x00000000f3300000, 0x0000000100000000)
  eden space 262144K, 9% used [0x00000000e0000000,0x00000000e1932fe8,0x00000000f0000000)
  from space 24576K, 73% used [0x00000000f1900000,0x00000000f2ac01a8,0x00000000f3100000)
  to   space 25600K, 0% used [0x00000000f0000000,0x00000000f0000000,0x00000000f1900000)
 ParOldGen       total 181248K, used 36026K [0x00000000a0000000, 0x00000000ab100000, 0x00000000e0000000)
  object space 181248K, 19% used [0x00000000a0000000,0x00000000a232eb98,0x00000000ab100000)
 Metaspace       used 61841K, capacity 64018K, committed 64216K, reserved 1103872K
  class space    used 8361K, capacity 8887K, committed 8960K, reserved 1048576K
GC Heap History (10 events):
Event: 10.916 GC heap before
{Heap before GC invocations=7 (full 2):
 PSYoungGen      total 170496K, used 6640K [0x00000000e0000000, 0x00000000ed880000, 0x0000000100000000)
  eden space 163840K, 0% used [0x00000000e0000000,0x00000000e0000000,0x00000000ea000000)
  from space 6656K, 99% used [0x00000000ea000000,0x00000000ea67c010,0x00000000ea680000)
  to   space 16384K, 0% used [0x00000000ec880000,0x00000000ec880000,0x00000000ed880000)
 ParOldGen       total 81408K, used 22951K [0x00000000a0000000, 0x00000000a4f80000, 0x00000000e0000000)
  object space 81408K, 28% used [0x00000000a0000000,0x00000000a1669d18,0x00000000a4f80000)
 Metaspace       used 34442K, capacity 35290K, committed 35416K, reserved 1079296K
  class space    used 4732K, capacity 4992K, committed 4992K, reserved 1048576K
Event: 11.039 GC heap after
Heap after GC invocations=7 (full 2):
 PSYoungGen      total 170496K, used 0K [0x00000000e0000000, 0x00000000ed880000, 0x0000000100000000)
  eden space 163840K, 0% used [0x00000000e0000000,0x00000000e0000000,0x00000000ea000000)
  from space 6656K, 0% used [0x00000000ea000000,0x00000000ea000000,0x00000000ea680000)
  to   space 16384K, 0% used [0x00000000ec880000,0x00000000ec880000,0x00000000ed880000)
 ParOldGen       total 124928K, used 19841K [0x00000000a0000000, 0x00000000a7a00000, 0x00000000e0000000)
  object space 124928K, 15% used [0x00000000a0000000,0x00000000a1360538,0x00000000a7a00000)
 Metaspace       used 34391K, capacity 35158K, committed 35416K, reserved 1079296K
  class space    used 4718K, capacity 4948K, committed 4992K, reserved 1048576K
}
Event: 14.471 GC heap before
{Heap before GC invocations=8 (full 2):
 PSYoungGen      total 170496K, used 163840K [0x00000000e0000000, 0x00000000ed880000, 0x0000000100000000)
  eden space 163840K, 100% used [0x00000000e0000000,0x00000000ea000000,0x00000000ea000000)
  from space 6656K, 0% used [0x00000000ea000000,0x00000000ea000000,0x00000000ea680000)
  to   space 16384K, 0% used [0x00000000ec880000,0x00000000ec880000,0x00000000ed880000)
 ParOldGen       total 124928K, used 19841K [0x00000000a0000000, 0x00000000a7a00000, 0x00000000e0000000)
  object space 124928K, 15% used [0x00000000a0000000,0x00000000a1360538,0x00000000a7a00000)
 Metaspace       used 48006K, capacity 49126K, committed 49368K, reserved 1091584K
  class space    used 6458K, capacity 6789K, committed 6912K, reserved 1048576K
Event: 14.498 GC heap after
Heap after GC invocations=8 (full 2):
 PSYoungGen      total 200704K, used 16354K [0x00000000e0000000, 0x00000000f0980000, 0x0000000100000000)
  eden space 184320K, 0% used [0x00000000e0000000,0x00000000e0000000,0x00000000eb400000)
  from space 16384K, 99% used [0x00000000ec880000,0x00000000ed878a50,0x00000000ed880000)
  to   space 20992K, 0% used [0x00000000eb400000,0x00000000eb400000,0x00000000ec880000)
 ParOldGen       total 124928K, used 23219K [0x00000000a0000000, 0x00000000a7a00000, 0x00000000e0000000)
  object space 124928K, 18% used [0x00000000a0000000,0x00000000a16acf20,0x00000000a7a00000)
 Metaspace       used 48006K, capacity 49126K, committed 49368K, reserved 1091584K
  class space    used 6458K, capacity 6789K, committed 6912K, reserved 1048576K
}
Event: 18.071 GC heap before
{Heap before GC invocations=9 (full 2):
 PSYoungGen      total 200704K, used 124893K [0x00000000e0000000, 0x00000000f0980000, 0x0000000100000000)
  eden space 184320K, 58% used [0x00000000e0000000,0x00000000e69fecd0,0x00000000eb400000)
  from space 16384K, 99% used [0x00000000ec880000,0x00000000ed878a50,0x00000000ed880000)
  to   space 20992K, 0% used [0x00000000eb400000,0x00000000eb400000,0x00000000ec880000)
 ParOldGen       total 124928K, used 23219K [0x00000000a0000000, 0x00000000a7a00000, 0x00000000e0000000)
  object space 124928K, 18% used [0x00000000a0000000,0x00000000a16acf20,0x00000000a7a00000)
 Metaspace       used 57280K, capacity 58962K, committed 59028K, reserved 1099776K
  class space    used 7728K, capacity 8167K, committed 8192K, reserved 1048576K
Event: 18.122 GC heap after
Heap after GC invocations=9 (full 2):
 PSYoungGen      total 205312K, used 20986K [0x00000000e0000000, 0x00000000f3100000, 0x0000000100000000)
  eden space 184320K, 0% used [0x00000000e0000000,0x00000000e0000000,0x00000000eb400000)
  from space 20992K, 99% used [0x00000000eb400000,0x00000000ec87eb30,0x00000000ec880000)
  to   space 24576K, 0% used [0x00000000f1900000,0x00000000f1900000,0x00000000f3100000)
 ParOldGen       total 124928K, used 23325K [0x00000000a0000000, 0x00000000a7a00000, 0x00000000e0000000)
  object space 124928K, 18% used [0x00000000a0000000,0x00000000a16c7658,0x00000000a7a00000)
 Metaspace       used 57280K, capacity 58962K, committed 59028K, reserved 1099776K
  class space    used 7728K, capacity 8167K, committed 8192K, reserved 1048576K
}
Event: 18.122 GC heap before
{Heap before GC invocations=10 (full 3):
 PSYoungGen      total 205312K, used 20986K [0x00000000e0000000, 0x00000000f3100000, 0x0000000100000000)
  eden space 184320K, 0% used [0x00000000e0000000,0x00000000e0000000,0x00000000eb400000)
  from space 20992K, 99% used [0x00000000eb400000,0x00000000ec87eb30,0x00000000ec880000)
  to   space 24576K, 0% used [0x00000000f1900000,0x00000000f1900000,0x00000000f3100000)
 ParOldGen       total 124928K, used 23325K [0x00000000a0000000, 0x00000000a7a00000, 0x00000000e0000000)
  object space 124928K, 18% used [0x00000000a0000000,0x00000000a16c7658,0x00000000a7a00000)
 Metaspace       used 57280K, capacity 58962K, committed 59028K, reserved 1099776K
  class space    used 7728K, capacity 8167K, committed 8192K, reserved 1048576K
Event: 18.491 GC heap after
Heap after GC invocations=10 (full 3):
 PSYoungGen      total 205312K, used 0K [0x00000000e0000000, 0x00000000f3100000, 0x0000000100000000)
  eden space 184320K, 0% used [0x00000000e0000000,0x00000000e0000000,0x00000000eb400000)
  from space 20992K, 0% used [0x00000000eb400000,0x00000000eb400000,0x00000000ec880000)
  to   space 24576K, 0% used [0x00000000f1900000,0x00000000f1900000,0x00000000f3100000)
 ParOldGen       total 181248K, used 36026K [0x00000000a0000000, 0x00000000ab100000, 0x00000000e0000000)
  object space 181248K, 19% used [0x00000000a0000000,0x00000000a232eb98,0x00000000ab100000)
 Metaspace       used 57280K, capacity 58962K, committed 59028K, reserved 1099776K
  class space    used 7728K, capacity 8167K, committed 8192K, reserved 1048576K
}
Event: 23.467 GC heap before
{Heap before GC invocations=11 (full 3):
 PSYoungGen      total 205312K, used 184320K [0x00000000e0000000, 0x00000000f3100000, 0x0000000100000000)
  eden space 184320K, 100% used [0x00000000e0000000,0x00000000eb400000,0x00000000eb400000)
  from space 20992K, 0% used [0x00000000eb400000,0x00000000eb400000,0x00000000ec880000)
  to   space 24576K, 0% used [0x00000000f1900000,0x00000000f1900000,0x00000000f3100000)
 ParOldGen       total 181248K, used 36026K [0x00000000a0000000, 0x00000000ab100000, 0x00000000e0000000)
  object space 181248K, 19% used [0x00000000a0000000,0x00000000a232eb98,0x00000000ab100000)
 Metaspace       used 60875K, capacity 62764K, committed 62936K, reserved 1103872K
  class space    used 8231K, capacity 8698K, committed 8704K, reserved 1048576K
Event: 23.720 GC heap after
Heap after GC invocations=11 (full 3):
 PSYoungGen      total 286720K, used 18176K [0x00000000e0000000, 0x00000000f3300000, 0x0000000100000000)
  eden space 262144K, 0% used [0x00000000e0000000,0x00000000e0000000,0x00000000f0000000)
  from space 24576K, 73% used [0x00000000f1900000,0x00000000f2ac01a8,0x00000000f3100000)
  to   space 25600K, 0% used [0x00000000f0000000,0x00000000f0000000,0x00000000f1900000)
 ParOldGen       total 181248K, used 36026K [0x00000000a0000000, 0x00000000ab100000, 0x00000000e0000000)
  object space 181248K, 19% used [0x00000000a0000000,0x00000000a232eb98,0x00000000ab100000)
 Metaspace       used 60875K, capacity 62764K, committed 62936K, reserved 1103872K
  class space    used 8231K, capacity 8698K, committed 8704K, reserved 1048576K
}

