# JRE version: OpenJDK Runtime Environment (8.0_152-b06) (build 1.8.0_152-release-1136-b06)
# Java VM: OpenJDK 64-Bit Server VM (25.152-b06 mixed mode windows-amd64 compressed oops)
Heap:
 PSYoungGen      total 253440K, used 187803K [0x00000000e0000000, 0x00000000f1880000, 0x0000000100000000)
  eden space 229888K, 77% used [0x00000000e0000000,0x00000000eace3940,0x00000000ee080000)
  from space 23552K, 45% used [0x00000000f0180000,0x00000000f0c03550,0x00000000f1880000)
  to   space 28672K, 0% used [0x00000000ee080000,0x00000000ee080000,0x00000000efc80000)
 ParOldGen       total 199680K, used 44948K [0x00000000a0000000, 0x00000000ac300000, 0x00000000e0000000)
  object space 199680K, 22% used [0x00000000a0000000,0x00000000a2be52b0,0x00000000ac300000)
 Metaspace       used 75567K, capacity 78966K, committed 79192K, reserved 1118208K
  class space    used 9999K, capacity 10752K, committed 10840K, reserved 1048576K
GC Heap History (10 events):
Event: 11.732 GC heap before
{Heap before GC invocations=9 (full 2):
 PSYoungGen      total 168448K, used 168445K [0x00000000e0000000, 0x00000000ef200000, 0x0000000100000000)
  eden space 152576K, 100% used [0x00000000e0000000,0x00000000e9500000,0x00000000e9500000)
  from space 15872K, 99% used [0x00000000ea880000,0x00000000eb7ff630,0x00000000eb800000)
  to   space 19968K, 0% used [0x00000000e9500000,0x00000000e9500000,0x00000000ea880000)
 ParOldGen       total 137216K, used 22314K [0x00000000a0000000, 0x00000000a8600000, 0x00000000e0000000)
  object space 137216K, 16% used [0x00000000a0000000,0x00000000a15cab18,0x00000000a8600000)
 Metaspace       used 56056K, capacity 57790K, committed 57944K, reserved 1099776K
  class space    used 7719K, capacity 8183K, committed 8280K, reserved 1048576K
Event: 11.757 GC heap after
Heap after GC invocations=9 (full 2):
 PSYoungGen      total 172544K, used 19952K [0x00000000e0000000, 0x00000000ef380000, 0x0000000100000000)
  eden space 152576K, 0% used [0x00000000e0000000,0x00000000e0000000,0x00000000e9500000)
  from space 19968K, 99% used [0x00000000e9500000,0x00000000ea87c150,0x00000000ea880000)
  to   space 25088K, 0% used [0x00000000edb00000,0x00000000edb00000,0x00000000ef380000)
 ParOldGen       total 137216K, used 26232K [0x00000000a0000000, 0x00000000a8600000, 0x00000000e0000000)
  object space 137216K, 19% used [0x00000000a0000000,0x00000000a199e3f8,0x00000000a8600000)
 Metaspace       used 56056K, capacity 57790K, committed 57944K, reserved 1099776K
  class space    used 7719K, capacity 8183K, committed 8280K, reserved 1048576K
}
Event: 12.629 GC heap before
{Heap before GC invocations=10 (full 2):
 PSYoungGen      total 172544K, used 127774K [0x00000000e0000000, 0x00000000ef380000, 0x0000000100000000)
  eden space 152576K, 70% used [0x00000000e0000000,0x00000000e694ba60,0x00000000e9500000)
  from space 19968K, 99% used [0x00000000e9500000,0x00000000ea87c150,0x00000000ea880000)
  to   space 25088K, 0% used [0x00000000edb00000,0x00000000edb00000,0x00000000ef380000)
 ParOldGen       total 137216K, used 26232K [0x00000000a0000000, 0x00000000a8600000, 0x00000000e0000000)
  object space 137216K, 19% used [0x00000000a0000000,0x00000000a199e3f8,0x00000000a8600000)
 Metaspace       used 57074K, capacity 58908K, committed 59028K, reserved 1099776K
  class space    used 7877K, capacity 8336K, committed 8408K, reserved 1048576K
Event: 12.708 GC heap after
Heap after GC invocations=10 (full 2):
 PSYoungGen      total 217600K, used 25058K [0x00000000e0000000, 0x00000000f1a00000, 0x0000000100000000)
  eden space 192512K, 0% used [0x00000000e0000000,0x00000000e0000000,0x00000000ebc00000)
  from space 25088K, 99% used [0x00000000edb00000,0x00000000ef378918,0x00000000ef380000)
  to   space 31744K, 0% used [0x00000000ebc00000,0x00000000ebc00000,0x00000000edb00000)
 ParOldGen       total 137216K, used 31556K [0x00000000a0000000, 0x00000000a8600000, 0x00000000e0000000)
  object space 137216K, 22% used [0x00000000a0000000,0x00000000a1ed1318,0x00000000a8600000)
 Metaspace       used 57074K, capacity 58908K, committed 59028K, reserved 1099776K
  class space    used 7877K, capacity 8336K, committed 8408K, reserved 1048576K
}
Event: 12.708 GC heap before
{Heap before GC invocations=11 (full 3):
 PSYoungGen      total 217600K, used 25058K [0x00000000e0000000, 0x00000000f1a00000, 0x0000000100000000)
  eden space 192512K, 0% used [0x00000000e0000000,0x00000000e0000000,0x00000000ebc00000)
  from space 25088K, 99% used [0x00000000edb00000,0x00000000ef378918,0x00000000ef380000)
  to   space 31744K, 0% used [0x00000000ebc00000,0x00000000ebc00000,0x00000000edb00000)
 ParOldGen       total 137216K, used 31556K [0x00000000a0000000, 0x00000000a8600000, 0x00000000e0000000)
  object space 137216K, 22% used [0x00000000a0000000,0x00000000a1ed1318,0x00000000a8600000)
 Metaspace       used 57074K, capacity 58908K, committed 59028K, reserved 1099776K
  class space    used 7877K, capacity 8336K, committed 8408K, reserved 1048576K
Event: 13.072 GC heap after
Heap after GC invocations=11 (full 3):
 PSYoungGen      total 217600K, used 0K [0x00000000e0000000, 0x00000000f1a00000, 0x0000000100000000)
  eden space 192512K, 0% used [0x00000000e0000000,0x00000000e0000000,0x00000000ebc00000)
  from space 25088K, 0% used [0x00000000edb00000,0x00000000edb00000,0x00000000ef380000)
  to   space 31744K, 0% used [0x00000000ebc00000,0x00000000ebc00000,0x00000000edb00000)
 ParOldGen       total 199680K, used 44932K [0x00000000a0000000, 0x00000000ac300000, 0x00000000e0000000)
  object space 199680K, 22% used [0x00000000a0000000,0x00000000a2be12b0,0x00000000ac300000)
 Metaspace       used 57074K, capacity 58908K, committed 59028K, reserved 1099776K
  class space    used 7877K, capacity 8336K, committed 8408K, reserved 1048576K
}
Event: 499.673 GC heap before
{Heap before GC invocations=12 (full 3):
 PSYoungGen      total 217600K, used 192512K [0x00000000e0000000, 0x00000000f1a00000, 0x0000000100000000)
  eden space 192512K, 100% used [0x00000000e0000000,0x00000000ebc00000,0x00000000ebc00000)
  from space 25088K, 0% used [0x00000000edb00000,0x00000000edb00000,0x00000000ef380000)
  to   space 31744K, 0% used [0x00000000ebc00000,0x00000000ebc00000,0x00000000edb00000)
 ParOldGen       total 199680K, used 44932K [0x00000000a0000000, 0x00000000ac300000, 0x00000000e0000000)
  object space 199680K, 22% used [0x00000000a0000000,0x00000000a2be12b0,0x00000000ac300000)
 Metaspace       used 64936K, capacity 67474K, committed 67672K, reserved 1107968K
  class space    used 8676K, capacity 9287K, committed 9304K, reserved 1048576K
Event: 499.698 GC heap after
Heap after GC invocations=12 (full 3):
 PSYoungGen      total 224256K, used 14089K [0x00000000e0000000, 0x00000000f1e80000, 0x0000000100000000)
  eden space 192512K, 0% used [0x00000000e0000000,0x00000000e0000000,0x00000000ebc00000)
  from space 31744K, 44% used [0x00000000ebc00000,0x00000000ec9c2558,0x00000000edb00000)
  to   space 29696K, 0% used [0x00000000f0180000,0x00000000f0180000,0x00000000f1e80000)
 ParOldGen       total 199680K, used 44940K [0x00000000a0000000, 0x00000000ac300000, 0x00000000e0000000)
  object space 199680K, 22% used [0x00000000a0000000,0x00000000a2be32b0,0x00000000ac300000)
 Metaspace       used 64936K, capacity 67474K, committed 67672K, reserved 1107968K
  class space    used 8676K, capacity 9287K, committed 9304K, reserved 1048576K
}
Event: 500.918 GC heap before
{Heap before GC invocations=13 (full 3):
 PSYoungGen      total 224256K, used 205740K [0x00000000e0000000, 0x00000000f1e80000, 0x0000000100000000)
  eden space 192512K, 99% used [0x00000000e0000000,0x00000000ebb28e40,0x00000000ebc00000)
  from space 31744K, 44% used [0x00000000ebc00000,0x00000000ec9c2558,0x00000000edb00000)
  to   space 29696K, 0% used [0x00000000f0180000,0x00000000f0180000,0x00000000f1e80000)
 ParOldGen       total 199680K, used 44940K [0x00000000a0000000, 0x00000000ac300000, 0x00000000e0000000)
  object space 199680K, 22% used [0x00000000a0000000,0x00000000a2be32b0,0x00000000ac300000)
 Metaspace       used 66441K, capacity 69104K, committed 69208K, reserved 1110016K
  class space    used 8878K, capacity 9530K, committed 9560K, reserved 1048576K
Event: 500.931 GC heap after
Heap after GC invocations=13 (full 3):
 PSYoungGen      total 253440K, used 10765K [0x00000000e0000000, 0x00000000f1880000, 0x0000000100000000)
  eden space 229888K, 0% used [0x00000000e0000000,0x00000000e0000000,0x00000000ee080000)
  from space 23552K, 45% used [0x00000000f0180000,0x00000000f0c03550,0x00000000f1880000)
  to   space 28672K, 0% used [0x00000000ee080000,0x00000000ee080000,0x00000000efc80000)
 ParOldGen       total 199680K, used 44948K [0x00000000a0000000, 0x00000000ac300000, 0x00000000e0000000)
  object space 199680K, 22% used [0x00000000a0000000,0x00000000a2be52b0,0x00000000ac300000)
 Metaspace       used 66441K, capacity 69104K, committed 69208K, reserved 1110016K
  class space    used 8878K, capacity 9530K, committed 9560K, reserved 1048576K
}

